  main.cpp
c:\program files (x86)\windows kits\8.1\include\um\tcpxcv.h(49): error C3646: 'sztPortName': 알 수 없는 재정의 지정자입니다.
c:\program files (x86)\windows kits\8.1\include\um\tcpxcv.h(49): error C2143: 구문 오류: ','이(가) '[' 앞에 없습니다.
c:\program files (x86)\windows kits\8.1\include\um\tcpxcv.h(49): error C2143: 구문 오류: ')'이(가) ';' 앞에 없습니다.
c:\program files (x86)\windows kits\8.1\include\um\tcpxcv.h(49): error C2238: ';' 앞에 예기치 않은 토큰이 있습니다.
c:\program files (x86)\windows kits\8.1\include\um\tcpxcv.h(50): error C3646: 'dwVersion': 알 수 없는 재정의 지정자입니다.
c:\program files (x86)\windows kits\8.1\include\um\tcpxcv.h(50): error C4430: 형식 지정자가 없습니다. int로 가정합니다. 참고: C++에서는 기본 int를 지원하지 않습니다.
c:\program files (x86)\windows kits\8.1\include\um\tcpxcv.h(51): error C3646: 'dwProtocol': 알 수 없는 재정의 지정자입니다.
c:\program files (x86)\windows kits\8.1\include\um\tcpxcv.h(51): error C4430: 형식 지정자가 없습니다. int로 가정합니다. 참고: C++에서는 기본 int를 지원하지 않습니다.
c:\program files (x86)\windows kits\8.1\include\um\tcpxcv.h(52): error C3646: 'cbSize': 알 수 없는 재정의 지정자입니다.
c:\program files (x86)\windows kits\8.1\include\um\tcpxcv.h(52): error C4430: 형식 지정자가 없습니다. int로 가정합니다. 참고: C++에서는 기본 int를 지원하지 않습니다.
c:\program files (x86)\windows kits\8.1\include\um\tcpxcv.h(53): error C3646: 'dwReserved': 알 수 없는 재정의 지정자입니다.
c:\program files (x86)\windows kits\8.1\include\um\tcpxcv.h(53): error C4430: 형식 지정자가 없습니다. int로 가정합니다. 참고: C++에서는 기본 int를 지원하지 않습니다.
c:\program files (x86)\windows kits\8.1\include\um\tcpxcv.h(54): error C3646: 'sztHostAddress': 알 수 없는 재정의 지정자입니다.
c:\program files (x86)\windows kits\8.1\include\um\tcpxcv.h(54): error C2143: 구문 오류: ','이(가) '[' 앞에 없습니다.
c:\program files (x86)\windows kits\8.1\include\um\tcpxcv.h(54): error C2143: 구문 오류: ')'이(가) ';' 앞에 없습니다.
c:\program files (x86)\windows kits\8.1\include\um\tcpxcv.h(54): error C2238: ';' 앞에 예기치 않은 토큰이 있습니다.
c:\program files (x86)\windows kits\8.1\include\um\tcpxcv.h(55): error C3646: 'sztSNMPCommunity': 알 수 없는 재정의 지정자입니다.
c:\program files (x86)\windows kits\8.1\include\um\tcpxcv.h(55): error C2143: 구문 오류: ','이(가) '[' 앞에 없습니다.
c:\program files (x86)\windows kits\8.1\include\um\tcpxcv.h(55): error C2143: 구문 오류: ')'이(가) ';' 앞에 없습니다.
c:\program files (x86)\windows kits\8.1\include\um\tcpxcv.h(55): error C2238: ';' 앞에 예기치 않은 토큰이 있습니다.
c:\program files (x86)\windows kits\8.1\include\um\tcpxcv.h(56): error C3646: 'dwDoubleSpool': 알 수 없는 재정의 지정자입니다.
c:\program files (x86)\windows kits\8.1\include\um\tcpxcv.h(56): error C4430: 형식 지정자가 없습니다. int로 가정합니다. 참고: C++에서는 기본 int를 지원하지 않습니다.
c:\program files (x86)\windows kits\8.1\include\um\tcpxcv.h(57): error C3646: 'sztQueue': 알 수 없는 재정의 지정자입니다.
c:\program files (x86)\windows kits\8.1\include\um\tcpxcv.h(57): error C2143: 구문 오류: ','이(가) '[' 앞에 없습니다.
c:\program files (x86)\windows kits\8.1\include\um\tcpxcv.h(57): error C2143: 구문 오류: ')'이(가) ';' 앞에 없습니다.
c:\program files (x86)\windows kits\8.1\include\um\tcpxcv.h(57): error C2238: ';' 앞에 예기치 않은 토큰이 있습니다.
c:\program files (x86)\windows kits\8.1\include\um\tcpxcv.h(58): error C3646: 'sztIPAddress': 알 수 없는 재정의 지정자입니다.
c:\program files (x86)\windows kits\8.1\include\um\tcpxcv.h(58): error C2143: 구문 오류: ','이(가) '[' 앞에 없습니다.
c:\program files (x86)\windows kits\8.1\include\um\tcpxcv.h(58): error C2143: 구문 오류: ')'이(가) ';' 앞에 없습니다.
c:\program files (x86)\windows kits\8.1\include\um\tcpxcv.h(58): error C2238: ';' 앞에 예기치 않은 토큰이 있습니다.
c:\program files (x86)\windows kits\8.1\include\um\tcpxcv.h(59): error C3646: 'Reserved': 알 수 없는 재정의 지정자입니다.
c:\program files (x86)\windows kits\8.1\include\um\tcpxcv.h(59): error C2143: 구문 오류: ','이(가) '[' 앞에 없습니다.
c:\program files (x86)\windows kits\8.1\include\um\tcpxcv.h(59): error C2143: 구문 오류: ')'이(가) ';' 앞에 없습니다.
c:\program files (x86)\windows kits\8.1\include\um\tcpxcv.h(59): error C2238: ';' 앞에 예기치 않은 토큰이 있습니다.
c:\program files (x86)\windows kits\8.1\include\um\tcpxcv.h(60): error C3646: 'dwPortNumber': 알 수 없는 재정의 지정자입니다.
c:\program files (x86)\windows kits\8.1\include\um\tcpxcv.h(60): error C4430: 형식 지정자가 없습니다. int로 가정합니다. 참고: C++에서는 기본 int를 지원하지 않습니다.
c:\program files (x86)\windows kits\8.1\include\um\tcpxcv.h(61): error C3646: 'dwSNMPEnabled': 알 수 없는 재정의 지정자입니다.
c:\program files (x86)\windows kits\8.1\include\um\tcpxcv.h(61): error C4430: 형식 지정자가 없습니다. int로 가정합니다. 참고: C++에서는 기본 int를 지원하지 않습니다.
c:\program files (x86)\windows kits\8.1\include\um\tcpxcv.h(62): error C3646: 'dwSNMPDevIndex': 알 수 없는 재정의 지정자입니다.
c:\program files (x86)\windows kits\8.1\include\um\tcpxcv.h(62): error C4430: 형식 지정자가 없습니다. int로 가정합니다. 참고: C++에서는 기본 int를 지원하지 않습니다.
c:\program files (x86)\windows kits\8.1\include\um\tcpxcv.h(67): error C3646: 'sztPortName': 알 수 없는 재정의 지정자입니다.
c:\program files (x86)\windows kits\8.1\include\um\tcpxcv.h(67): error C2143: 구문 오류: ','이(가) '[' 앞에 없습니다.
c:\program files (x86)\windows kits\8.1\include\um\tcpxcv.h(67): error C2143: 구문 오류: ')'이(가) ';' 앞에 없습니다.
c:\program files (x86)\windows kits\8.1\include\um\tcpxcv.h(67): error C2238: ';' 앞에 예기치 않은 토큰이 있습니다.
c:\program files (x86)\windows kits\8.1\include\um\tcpxcv.h(68): error C3646: 'dwVersion': 알 수 없는 재정의 지정자입니다.
c:\program files (x86)\windows kits\8.1\include\um\tcpxcv.h(68): error C4430: 형식 지정자가 없습니다. int로 가정합니다. 참고: C++에서는 기본 int를 지원하지 않습니다.
c:\program files (x86)\windows kits\8.1\include\um\tcpxcv.h(69): error C3646: 'dwProtocol': 알 수 없는 재정의 지정자입니다.
c:\program files (x86)\windows kits\8.1\include\um\tcpxcv.h(69): error C4430: 형식 지정자가 없습니다. int로 가정합니다. 참고: C++에서는 기본 int를 지원하지 않습니다.
c:\program files (x86)\windows kits\8.1\include\um\tcpxcv.h(70): error C3646: 'cbSize': 알 수 없는 재정의 지정자입니다.
c:\program files (x86)\windows kits\8.1\include\um\tcpxcv.h(70): error C4430: 형식 지정자가 없습니다. int로 가정합니다. 참고: C++에서는 기본 int를 지원하지 않습니다.
c:\program files (x86)\windows kits\8.1\include\um\tcpxcv.h(71): error C3646: 'dwReserved': 알 수 없는 재정의 지정자입니다.
c:\program files (x86)\windows kits\8.1\include\um\tcpxcv.h(71): error C4430: 형식 지정자가 없습니다. int로 가정합니다. 참고: C++에서는 기본 int를 지원하지 않습니다.
c:\program files (x86)\windows kits\8.1\include\um\tcpxcv.h(72): error C3646: 'sztHostAddress': 알 수 없는 재정의 지정자입니다.
c:\program files (x86)\windows kits\8.1\include\um\tcpxcv.h(72): error C2143: 구문 오류: ','이(가) '[' 앞에 없습니다.
c:\program files (x86)\windows kits\8.1\include\um\tcpxcv.h(72): error C2143: 구문 오류: ')'이(가) ';' 앞에 없습니다.
c:\program files (x86)\windows kits\8.1\include\um\tcpxcv.h(72): error C2238: ';' 앞에 예기치 않은 토큰이 있습니다.
c:\program files (x86)\windows kits\8.1\include\um\tcpxcv.h(73): error C3646: 'sztSNMPCommunity': 알 수 없는 재정의 지정자입니다.
c:\program files (x86)\windows kits\8.1\include\um\tcpxcv.h(73): error C2143: 구문 오류: ','이(가) '[' 앞에 없습니다.
c:\program files (x86)\windows kits\8.1\include\um\tcpxcv.h(73): error C2143: 구문 오류: ')'이(가) ';' 앞에 없습니다.
c:\program files (x86)\windows kits\8.1\include\um\tcpxcv.h(73): error C2238: ';' 앞에 예기치 않은 토큰이 있습니다.
c:\program files (x86)\windows kits\8.1\include\um\tcpxcv.h(74): error C3646: 'dwDoubleSpool': 알 수 없는 재정의 지정자입니다.
c:\program files (x86)\windows kits\8.1\include\um\tcpxcv.h(74): error C4430: 형식 지정자가 없습니다. int로 가정합니다. 참고: C++에서는 기본 int를 지원하지 않습니다.
c:\program files (x86)\windows kits\8.1\include\um\tcpxcv.h(75): error C3646: 'sztQueue': 알 수 없는 재정의 지정자입니다.
c:\program files (x86)\windows kits\8.1\include\um\tcpxcv.h(75): error C2143: 구문 오류: ','이(가) '[' 앞에 없습니다.
c:\program files (x86)\windows kits\8.1\include\um\tcpxcv.h(75): error C2143: 구문 오류: ')'이(가) ';' 앞에 없습니다.
c:\program files (x86)\windows kits\8.1\include\um\tcpxcv.h(75): error C2238: ';' 앞에 예기치 않은 토큰이 있습니다.
c:\program files (x86)\windows kits\8.1\include\um\tcpxcv.h(76): error C3646: 'Reserved': 알 수 없는 재정의 지정자입니다.
c:\program files (x86)\windows kits\8.1\include\um\tcpxcv.h(76): error C2143: 구문 오류: ','이(가) '[' 앞에 없습니다.
c:\program files (x86)\windows kits\8.1\include\um\tcpxcv.h(76): error C2143: 구문 오류: ')'이(가) ';' 앞에 없습니다.
c:\program files (x86)\windows kits\8.1\include\um\tcpxcv.h(76): error C2238: ';' 앞에 예기치 않은 토큰이 있습니다.
c:\program files (x86)\windows kits\8.1\include\um\tcpxcv.h(77): error C3646: 'dwPortNumber': 알 수 없는 재정의 지정자입니다.
c:\program files (x86)\windows kits\8.1\include\um\tcpxcv.h(77): error C4430: 형식 지정자가 없습니다. int로 가정합니다. 참고: C++에서는 기본 int를 지원하지 않습니다.
c:\program files (x86)\windows kits\8.1\include\um\tcpxcv.h(78): error C3646: 'dwSNMPEnabled': 알 수 없는 재정의 지정자입니다.
c:\program files (x86)\windows kits\8.1\include\um\tcpxcv.h(78): error C4430: 형식 지정자가 없습니다. int로 가정합니다. 참고: C++에서는 기본 int를 지원하지 않습니다.
c:\program files (x86)\windows kits\8.1\include\um\tcpxcv.h(79): error C3646: 'dwSNMPDevIndex': 알 수 없는 재정의 지정자입니다.
c:\program files (x86)\windows kits\8.1\include\um\tcpxcv.h(79): error C4430: 형식 지정자가 없습니다. int로 가정합니다. 참고: C++에서는 기본 int를 지원하지 않습니다.
c:\program files (x86)\windows kits\8.1\include\um\tcpxcv.h(80): error C3646: 'dwPortMonitorMibIndex': 알 수 없는 재정의 지정자입니다.
c:\program files (x86)\windows kits\8.1\include\um\tcpxcv.h(80): error C4430: 형식 지정자가 없습니다. int로 가정합니다. 참고: C++에서는 기본 int를 지원하지 않습니다.
c:\program files (x86)\windows kits\8.1\include\um\tcpxcv.h(86): error C3646: 'dwVersion': 알 수 없는 재정의 지정자입니다.
c:\program files (x86)\windows kits\8.1\include\um\tcpxcv.h(86): error C4430: 형식 지정자가 없습니다. int로 가정합니다. 참고: C++에서는 기본 int를 지원하지 않습니다.
c:\program files (x86)\windows kits\8.1\include\um\tcpxcv.h(87): error C3646: 'cPortData': 알 수 없는 재정의 지정자입니다.
c:\program files (x86)\windows kits\8.1\include\um\tcpxcv.h(87): error C4430: 형식 지정자가 없습니다. int로 가정합니다. 참고: C++에서는 기본 int를 지원하지 않습니다.
c:\program files (x86)\windows kits\8.1\include\um\tcpxcv.h(94): error C3646: 'psztPortName': 알 수 없는 재정의 지정자입니다.
c:\program files (x86)\windows kits\8.1\include\um\tcpxcv.h(94): error C2143: 구문 오류: ','이(가) '[' 앞에 없습니다.
c:\program files (x86)\windows kits\8.1\include\um\tcpxcv.h(94): error C2143: 구문 오류: ')'이(가) ';' 앞에 없습니다.
c:\program files (x86)\windows kits\8.1\include\um\tcpxcv.h(94): error C2238: ';' 앞에 예기치 않은 토큰이 있습니다.
c:\program files (x86)\windows kits\8.1\include\um\tcpxcv.h(95): error C3646: 'Reserved': 알 수 없는 재정의 지정자입니다.
c:\program files (x86)\windows kits\8.1\include\um\tcpxcv.h(95): error C2143: 구문 오류: ','이(가) '[' 앞에 없습니다.
c:\program files (x86)\windows kits\8.1\include\um\tcpxcv.h(95): error C2143: 구문 오류: ')'이(가) ';' 앞에 없습니다.
c:\program files (x86)\windows kits\8.1\include\um\tcpxcv.h(95): error C2238: ';' 앞에 예기치 않은 토큰이 있습니다.
c:\program files (x86)\windows kits\8.1\include\um\tcpxcv.h(96): error C3646: 'dwVersion': 알 수 없는 재정의 지정자입니다.
c:\program files (x86)\windows kits\8.1\include\um\tcpxcv.h(96): error C4430: 형식 지정자가 없습니다. int로 가정합니다. 참고: C++에서는 기본 int를 지원하지 않습니다.
c:\program files (x86)\windows kits\8.1\include\um\tcpxcv.h(97): error C3646: 'dwReserved': 알 수 없는 재정의 지정자입니다.
c:\program files (x86)\windows kits\8.1\include\um\tcpxcv.h(97): error C4430: 형식 지정자가 없습니다. int로 가정합니다. 참고: C++에서는 기본 int를 지원하지 않습니다.
c:\program files (x86)\windows kits\8.1\include\um\tcpxcv.h(103): error C3646: 'Reserved': 알 수 없는 재정의 지정자입니다.
c:\program files (x86)\windows kits\8.1\include\um\tcpxcv.h(103): error C2143: 구문 오류: ','이(가) '[' 앞에 없습니다.
c:\program files (x86)\windows kits\8.1\include\um\tcpxcv.h(103): error C2143: 구문 오류: ')'이(가) ';' 앞에 없습니다.
c:\program files (x86)\windows kits\8.1\include\um\tcpxcv.h(103): error C2238: ';' 앞에 예기치 않은 토큰이 있습니다.
c:\program files (x86)\windows kits\8.1\include\um\tcpxcv.h(104): error C3646: 'dwVersion': 알 수 없는 재정의 지정자입니다.
c:\program files (x86)\windows kits\8.1\include\um\tcpxcv.h(104): error C4430: 형식 지정자가 없습니다. int로 가정합니다. 참고: C++에서는 기본 int를 지원하지 않습니다.
